<?xml version="1.0" encoding="UTF-8"?>
<testsuite xmlns:xsi="http://www.w3.org/2001/XMLSchema-instance" xsi:noNamespaceSchemaLocation="https://maven.apache.org/surefire/maven-surefire-plugin/xsd/surefire-test-report-3.0.xsd" version="3.0" name="com.neotropic.flow.component.antx6.TestView" time="0.015" tests="0" errors="0" skipped="0" failures="0">
  <properties>
    <property name="sun.desktop" value="gnome"/>
    <property name="awt.toolkit" value="sun.awt.X11.XToolkit"/>
    <property name="java.specification.version" value="11"/>
    <property name="sun.cpu.isalist" value=""/>
    <property name="sun.jnu.encoding" value="UTF-8"/>
    <property name="java.class.path" value="/home/jcamacho/Desktop/Kuwaiba-Github/vaadin-flow-x6/x6-flow-root/x6-flow/target/test-classes:/home/jcamacho/Desktop/Kuwaiba-Github/vaadin-flow-x6/x6-flow-root/x6-flow/target/classes:/home/jcamacho/.m2/repository/com/vaadin/vaadin-core/14.10.1/vaadin-core-14.10.1.jar:/home/jcamacho/.m2/repository/com/vaadin/flow-server/2.9.2/flow-server-2.9.2.jar:/home/jcamacho/.m2/repository/com/vaadin/servletdetector/throw-if-servlet5/1.0.2/throw-if-servlet5-1.0.2.jar:/home/jcamacho/.m2/repository/com/vaadin/license-checker/1.12.3/license-checker-1.12.3.jar:/home/jcamacho/.m2/repository/com/github/oshi/oshi-core/6.4.1/oshi-core-6.4.1.jar:/home/jcamacho/.m2/repository/net/java/dev/jna/jna/5.13.0/jna-5.13.0.jar:/home/jcamacho/.m2/repository/net/java/dev/jna/jna-platform/5.13.0/jna-platform-5.13.0.jar:/home/jcamacho/.m2/repository/com/nimbusds/nimbus-jose-jwt/9.31/nimbus-jose-jwt-9.31.jar:/home/jcamacho/.m2/repository/org/lucee/jcip-annotations/1.0.0/jcip-annotations-1.0.0.jar:/home/jcamacho/.m2/repository/com/vaadin/open/8.5.0/open-8.5.0.jar:/home/jcamacho/.m2/repository/com/vaadin/external/gwt/gwt-elemental/2.8.2.vaadin2/gwt-elemental-2.8.2.vaadin2.jar:/home/jcamacho/.m2/repository/commons-fileupload/commons-fileupload/1.5/commons-fileupload-1.5.jar:/home/jcamacho/.m2/repository/commons-io/commons-io/2.11.0/commons-io-2.11.0.jar:/home/jcamacho/.m2/repository/org/jsoup/jsoup/1.15.3/jsoup-1.15.3.jar:/home/jcamacho/.m2/repository/com/helger/ph-css/6.1.1/ph-css-6.1.1.jar:/home/jcamacho/.m2/repository/com/helger/ph-commons/9.1.2/ph-commons-9.1.2.jar:/home/jcamacho/.m2/repository/net/bytebuddy/byte-buddy/1.12.19/byte-buddy-1.12.19.jar:/home/jcamacho/.m2/repository/com/vaadin/external/gentyref/1.2.0.vaadin1/gentyref-1.2.0.vaadin1.jar:/home/jcamacho/.m2/repository/org/apache/commons/commons-compress/1.21/commons-compress-1.21.jar:/home/jcamacho/.m2/repository/org/apache/httpcomponents/httpclient/4.5.13/httpclient-4.5.13.jar:/home/jcamacho/.m2/repository/org/apache/httpcomponents/httpcore/4.4.13/httpcore-4.4.13.jar:/home/jcamacho/.m2/repository/commons-logging/commons-logging/1.2/commons-logging-1.2.jar:/home/jcamacho/.m2/repository/commons-codec/commons-codec/1.15/commons-codec-1.15.jar:/home/jcamacho/.m2/repository/com/vaadin/flow-lit-template/2.9.2/flow-lit-template-2.9.2.jar:/home/jcamacho/.m2/repository/com/vaadin/flow-push/2.9.2/flow-push-2.9.2.jar:/home/jcamacho/.m2/repository/com/vaadin/external/atmosphere/atmosphere-runtime/2.7.3.slf4jvaadin4/atmosphere-runtime-2.7.3.slf4jvaadin4.jar:/home/jcamacho/.m2/repository/com/vaadin/flow-client/2.9.2/flow-client-2.9.2.jar:/home/jcamacho/.m2/repository/com/vaadin/flow-html-components/2.9.2/flow-html-components-2.9.2.jar:/home/jcamacho/.m2/repository/com/vaadin/flow-data/2.9.2/flow-data-2.9.2.jar:/home/jcamacho/.m2/repository/javax/validation/validation-api/2.0.0.Final/validation-api-2.0.0.Final.jar:/home/jcamacho/.m2/repository/com/vaadin/flow-dnd/2.9.2/flow-dnd-2.9.2.jar:/home/jcamacho/.m2/repository/org/webjars/npm/vaadin__vaadin-mobile-drag-drop/1.0.0/vaadin__vaadin-mobile-drag-drop-1.0.0.jar:/home/jcamacho/.m2/repository/org/webjars/npm/mobile-drag-drop/2.3.0-rc.1/mobile-drag-drop-2.3.0-rc.1.jar:/home/jcamacho/.m2/repository/com/vaadin/vaadin-lumo-theme/2.9.2/vaadin-lumo-theme-2.9.2.jar:/home/jcamacho/.m2/repository/com/vaadin/vaadin-material-theme/2.9.2/vaadin-material-theme-2.9.2.jar:/home/jcamacho/.m2/repository/com/vaadin/vaadin-accordion-flow/14.10.1/vaadin-accordion-flow-14.10.1.jar:/home/jcamacho/.m2/repository/com/vaadin/vaadin-avatar-flow/14.10.1/vaadin-avatar-flow-14.10.1.jar:/home/jcamacho/.m2/repository/com/vaadin/vaadin-button-flow/14.10.1/vaadin-button-flow-14.10.1.jar:/home/jcamacho/.m2/repository/com/vaadin/vaadin-checkbox-flow/14.10.1/vaadin-checkbox-flow-14.10.1.jar:/home/jcamacho/.m2/repository/com/vaadin/vaadin-combo-box-flow/14.10.1/vaadin-combo-box-flow-14.10.1.jar:/home/jcamacho/.m2/repository/com/vaadin/vaadin-custom-field-flow/14.10.1/vaadin-custom-field-flow-14.10.1.jar:/home/jcamacho/.m2/repository/com/vaadin/vaadin-date-picker-flow/14.10.1/vaadin-date-picker-flow-14.10.1.jar:/home/jcamacho/.m2/repository/com/vaadin/vaadin-date-time-picker-flow/14.10.1/vaadin-date-time-picker-flow-14.10.1.jar:/home/jcamacho/.m2/repository/com/vaadin/vaadin-details-flow/14.10.1/vaadin-details-flow-14.10.1.jar:/home/jcamacho/.m2/repository/com/vaadin/vaadin-time-picker-flow/14.10.1/vaadin-time-picker-flow-14.10.1.jar:/home/jcamacho/.m2/repository/com/vaadin/vaadin-select-flow/14.10.1/vaadin-select-flow-14.10.1.jar:/home/jcamacho/.m2/repository/com/vaadin/vaadin-dialog-flow/14.10.1/vaadin-dialog-flow-14.10.1.jar:/home/jcamacho/.m2/repository/com/vaadin/vaadin-form-layout-flow/14.10.1/vaadin-form-layout-flow-14.10.1.jar:/home/jcamacho/.m2/repository/com/vaadin/vaadin-grid-flow/14.10.1/vaadin-grid-flow-14.10.1.jar:/home/jcamacho/.m2/repository/org/apache/commons/commons-lang3/3.0/commons-lang3-3.0.jar:/home/jcamacho/.m2/repository/com/vaadin/vaadin-icons-flow/14.10.1/vaadin-icons-flow-14.10.1.jar:/home/jcamacho/.m2/repository/com/vaadin/vaadin-iron-list-flow/14.10.1/vaadin-iron-list-flow-14.10.1.jar:/home/jcamacho/.m2/repository/com/vaadin/vaadin-list-box-flow/14.10.1/vaadin-list-box-flow-14.10.1.jar:/home/jcamacho/.m2/repository/com/vaadin/vaadin-login-flow/14.10.1/vaadin-login-flow-14.10.1.jar:/home/jcamacho/.m2/repository/com/vaadin/vaadin-messages-flow/14.10.1/vaadin-messages-flow-14.10.1.jar:/home/jcamacho/.m2/repository/com/fasterxml/jackson/core/jackson-databind/2.9.10.4/jackson-databind-2.9.10.4.jar:/home/jcamacho/.m2/repository/com/fasterxml/jackson/core/jackson-annotations/2.9.10/jackson-annotations-2.9.10.jar:/home/jcamacho/.m2/repository/com/fasterxml/jackson/core/jackson-core/2.9.10/jackson-core-2.9.10.jar:/home/jcamacho/.m2/repository/com/vaadin/vaadin-ordered-layout-flow/14.10.1/vaadin-ordered-layout-flow-14.10.1.jar:/home/jcamacho/.m2/repository/com/vaadin/vaadin-progress-bar-flow/14.10.1/vaadin-progress-bar-flow-14.10.1.jar:/home/jcamacho/.m2/repository/com/vaadin/vaadin-radio-button-flow/14.10.1/vaadin-radio-button-flow-14.10.1.jar:/home/jcamacho/.m2/repository/com/vaadin/vaadin-split-layout-flow/14.10.1/vaadin-split-layout-flow-14.10.1.jar:/home/jcamacho/.m2/repository/com/vaadin/vaadin-tabs-flow/14.10.1/vaadin-tabs-flow-14.10.1.jar:/home/jcamacho/.m2/repository/com/vaadin/vaadin-text-field-flow/14.10.1/vaadin-text-field-flow-14.10.1.jar:/home/jcamacho/.m2/repository/com/vaadin/vaadin-upload-flow/14.10.1/vaadin-upload-flow-14.10.1.jar:/home/jcamacho/.m2/repository/com/vaadin/vaadin-notification-flow/14.10.1/vaadin-notification-flow-14.10.1.jar:/home/jcamacho/.m2/repository/com/vaadin/vaadin-app-layout-flow/14.10.1/vaadin-app-layout-flow-14.10.1.jar:/home/jcamacho/.m2/repository/com/vaadin/vaadin-context-menu-flow/14.10.1/vaadin-context-menu-flow-14.10.1.jar:/home/jcamacho/.m2/repository/com/vaadin/vaadin-menu-bar-flow/14.10.1/vaadin-menu-bar-flow-14.10.1.jar:/home/jcamacho/.m2/repository/org/slf4j/slf4j-simple/1.7.32/slf4j-simple-1.7.32.jar:/home/jcamacho/.m2/repository/org/slf4j/slf4j-api/1.7.32/slf4j-api-1.7.32.jar:/home/jcamacho/.m2/repository/com/google/code/gson/gson/2.9.1/gson-2.9.1.jar:"/>
    <property name="java.vm.vendor" value="Amazon.com Inc."/>
    <property name="sun.arch.data.model" value="64"/>
    <property name="java.vendor.url" value="https://aws.amazon.com/corretto/"/>
    <property name="user.timezone" value=""/>
    <property name="java.vm.specification.version" value="11"/>
    <property name="os.name" value="Linux"/>
    <property name="user.country" value="US"/>
    <property name="sun.java.launcher" value="SUN_STANDARD"/>
    <property name="sun.boot.library.path" value="/usr/lib/jvm/java-11-amazon-corretto/lib"/>
    <property name="sun.java.command" value="/home/jcamacho/Desktop/Kuwaiba-Github/vaadin-flow-x6/x6-flow-root/x6-flow/target/surefire/surefirebooter-20250113115140180_3.jar /home/jcamacho/Desktop/Kuwaiba-Github/vaadin-flow-x6/x6-flow-root/x6-flow/target/surefire 2025-01-13T11-51-40_116-jvmRun1 surefire-20250113115140180_1tmp surefire_0-20250113115140180_2tmp"/>
    <property name="jdk.debug" value="release"/>
    <property name="surefire.test.class.path" value="/home/jcamacho/Desktop/Kuwaiba-Github/vaadin-flow-x6/x6-flow-root/x6-flow/target/test-classes:/home/jcamacho/Desktop/Kuwaiba-Github/vaadin-flow-x6/x6-flow-root/x6-flow/target/classes:/home/jcamacho/.m2/repository/com/vaadin/vaadin-core/14.10.1/vaadin-core-14.10.1.jar:/home/jcamacho/.m2/repository/com/vaadin/flow-server/2.9.2/flow-server-2.9.2.jar:/home/jcamacho/.m2/repository/com/vaadin/servletdetector/throw-if-servlet5/1.0.2/throw-if-servlet5-1.0.2.jar:/home/jcamacho/.m2/repository/com/vaadin/license-checker/1.12.3/license-checker-1.12.3.jar:/home/jcamacho/.m2/repository/com/github/oshi/oshi-core/6.4.1/oshi-core-6.4.1.jar:/home/jcamacho/.m2/repository/net/java/dev/jna/jna/5.13.0/jna-5.13.0.jar:/home/jcamacho/.m2/repository/net/java/dev/jna/jna-platform/5.13.0/jna-platform-5.13.0.jar:/home/jcamacho/.m2/repository/com/nimbusds/nimbus-jose-jwt/9.31/nimbus-jose-jwt-9.31.jar:/home/jcamacho/.m2/repository/org/lucee/jcip-annotations/1.0.0/jcip-annotations-1.0.0.jar:/home/jcamacho/.m2/repository/com/vaadin/open/8.5.0/open-8.5.0.jar:/home/jcamacho/.m2/repository/com/vaadin/external/gwt/gwt-elemental/2.8.2.vaadin2/gwt-elemental-2.8.2.vaadin2.jar:/home/jcamacho/.m2/repository/commons-fileupload/commons-fileupload/1.5/commons-fileupload-1.5.jar:/home/jcamacho/.m2/repository/commons-io/commons-io/2.11.0/commons-io-2.11.0.jar:/home/jcamacho/.m2/repository/org/jsoup/jsoup/1.15.3/jsoup-1.15.3.jar:/home/jcamacho/.m2/repository/com/helger/ph-css/6.1.1/ph-css-6.1.1.jar:/home/jcamacho/.m2/repository/com/helger/ph-commons/9.1.2/ph-commons-9.1.2.jar:/home/jcamacho/.m2/repository/net/bytebuddy/byte-buddy/1.12.19/byte-buddy-1.12.19.jar:/home/jcamacho/.m2/repository/com/vaadin/external/gentyref/1.2.0.vaadin1/gentyref-1.2.0.vaadin1.jar:/home/jcamacho/.m2/repository/org/apache/commons/commons-compress/1.21/commons-compress-1.21.jar:/home/jcamacho/.m2/repository/org/apache/httpcomponents/httpclient/4.5.13/httpclient-4.5.13.jar:/home/jcamacho/.m2/repository/org/apache/httpcomponents/httpcore/4.4.13/httpcore-4.4.13.jar:/home/jcamacho/.m2/repository/commons-logging/commons-logging/1.2/commons-logging-1.2.jar:/home/jcamacho/.m2/repository/commons-codec/commons-codec/1.15/commons-codec-1.15.jar:/home/jcamacho/.m2/repository/com/vaadin/flow-lit-template/2.9.2/flow-lit-template-2.9.2.jar:/home/jcamacho/.m2/repository/com/vaadin/flow-push/2.9.2/flow-push-2.9.2.jar:/home/jcamacho/.m2/repository/com/vaadin/external/atmosphere/atmosphere-runtime/2.7.3.slf4jvaadin4/atmosphere-runtime-2.7.3.slf4jvaadin4.jar:/home/jcamacho/.m2/repository/com/vaadin/flow-client/2.9.2/flow-client-2.9.2.jar:/home/jcamacho/.m2/repository/com/vaadin/flow-html-components/2.9.2/flow-html-components-2.9.2.jar:/home/jcamacho/.m2/repository/com/vaadin/flow-data/2.9.2/flow-data-2.9.2.jar:/home/jcamacho/.m2/repository/javax/validation/validation-api/2.0.0.Final/validation-api-2.0.0.Final.jar:/home/jcamacho/.m2/repository/com/vaadin/flow-dnd/2.9.2/flow-dnd-2.9.2.jar:/home/jcamacho/.m2/repository/org/webjars/npm/vaadin__vaadin-mobile-drag-drop/1.0.0/vaadin__vaadin-mobile-drag-drop-1.0.0.jar:/home/jcamacho/.m2/repository/org/webjars/npm/mobile-drag-drop/2.3.0-rc.1/mobile-drag-drop-2.3.0-rc.1.jar:/home/jcamacho/.m2/repository/com/vaadin/vaadin-lumo-theme/2.9.2/vaadin-lumo-theme-2.9.2.jar:/home/jcamacho/.m2/repository/com/vaadin/vaadin-material-theme/2.9.2/vaadin-material-theme-2.9.2.jar:/home/jcamacho/.m2/repository/com/vaadin/vaadin-accordion-flow/14.10.1/vaadin-accordion-flow-14.10.1.jar:/home/jcamacho/.m2/repository/com/vaadin/vaadin-avatar-flow/14.10.1/vaadin-avatar-flow-14.10.1.jar:/home/jcamacho/.m2/repository/com/vaadin/vaadin-button-flow/14.10.1/vaadin-button-flow-14.10.1.jar:/home/jcamacho/.m2/repository/com/vaadin/vaadin-checkbox-flow/14.10.1/vaadin-checkbox-flow-14.10.1.jar:/home/jcamacho/.m2/repository/com/vaadin/vaadin-combo-box-flow/14.10.1/vaadin-combo-box-flow-14.10.1.jar:/home/jcamacho/.m2/repository/com/vaadin/vaadin-custom-field-flow/14.10.1/vaadin-custom-field-flow-14.10.1.jar:/home/jcamacho/.m2/repository/com/vaadin/vaadin-date-picker-flow/14.10.1/vaadin-date-picker-flow-14.10.1.jar:/home/jcamacho/.m2/repository/com/vaadin/vaadin-date-time-picker-flow/14.10.1/vaadin-date-time-picker-flow-14.10.1.jar:/home/jcamacho/.m2/repository/com/vaadin/vaadin-details-flow/14.10.1/vaadin-details-flow-14.10.1.jar:/home/jcamacho/.m2/repository/com/vaadin/vaadin-time-picker-flow/14.10.1/vaadin-time-picker-flow-14.10.1.jar:/home/jcamacho/.m2/repository/com/vaadin/vaadin-select-flow/14.10.1/vaadin-select-flow-14.10.1.jar:/home/jcamacho/.m2/repository/com/vaadin/vaadin-dialog-flow/14.10.1/vaadin-dialog-flow-14.10.1.jar:/home/jcamacho/.m2/repository/com/vaadin/vaadin-form-layout-flow/14.10.1/vaadin-form-layout-flow-14.10.1.jar:/home/jcamacho/.m2/repository/com/vaadin/vaadin-grid-flow/14.10.1/vaadin-grid-flow-14.10.1.jar:/home/jcamacho/.m2/repository/org/apache/commons/commons-lang3/3.0/commons-lang3-3.0.jar:/home/jcamacho/.m2/repository/com/vaadin/vaadin-icons-flow/14.10.1/vaadin-icons-flow-14.10.1.jar:/home/jcamacho/.m2/repository/com/vaadin/vaadin-iron-list-flow/14.10.1/vaadin-iron-list-flow-14.10.1.jar:/home/jcamacho/.m2/repository/com/vaadin/vaadin-list-box-flow/14.10.1/vaadin-list-box-flow-14.10.1.jar:/home/jcamacho/.m2/repository/com/vaadin/vaadin-login-flow/14.10.1/vaadin-login-flow-14.10.1.jar:/home/jcamacho/.m2/repository/com/vaadin/vaadin-messages-flow/14.10.1/vaadin-messages-flow-14.10.1.jar:/home/jcamacho/.m2/repository/com/fasterxml/jackson/core/jackson-databind/2.9.10.4/jackson-databind-2.9.10.4.jar:/home/jcamacho/.m2/repository/com/fasterxml/jackson/core/jackson-annotations/2.9.10/jackson-annotations-2.9.10.jar:/home/jcamacho/.m2/repository/com/fasterxml/jackson/core/jackson-core/2.9.10/jackson-core-2.9.10.jar:/home/jcamacho/.m2/repository/com/vaadin/vaadin-ordered-layout-flow/14.10.1/vaadin-ordered-layout-flow-14.10.1.jar:/home/jcamacho/.m2/repository/com/vaadin/vaadin-progress-bar-flow/14.10.1/vaadin-progress-bar-flow-14.10.1.jar:/home/jcamacho/.m2/repository/com/vaadin/vaadin-radio-button-flow/14.10.1/vaadin-radio-button-flow-14.10.1.jar:/home/jcamacho/.m2/repository/com/vaadin/vaadin-split-layout-flow/14.10.1/vaadin-split-layout-flow-14.10.1.jar:/home/jcamacho/.m2/repository/com/vaadin/vaadin-tabs-flow/14.10.1/vaadin-tabs-flow-14.10.1.jar:/home/jcamacho/.m2/repository/com/vaadin/vaadin-text-field-flow/14.10.1/vaadin-text-field-flow-14.10.1.jar:/home/jcamacho/.m2/repository/com/vaadin/vaadin-upload-flow/14.10.1/vaadin-upload-flow-14.10.1.jar:/home/jcamacho/.m2/repository/com/vaadin/vaadin-notification-flow/14.10.1/vaadin-notification-flow-14.10.1.jar:/home/jcamacho/.m2/repository/com/vaadin/vaadin-app-layout-flow/14.10.1/vaadin-app-layout-flow-14.10.1.jar:/home/jcamacho/.m2/repository/com/vaadin/vaadin-context-menu-flow/14.10.1/vaadin-context-menu-flow-14.10.1.jar:/home/jcamacho/.m2/repository/com/vaadin/vaadin-menu-bar-flow/14.10.1/vaadin-menu-bar-flow-14.10.1.jar:/home/jcamacho/.m2/repository/org/slf4j/slf4j-simple/1.7.32/slf4j-simple-1.7.32.jar:/home/jcamacho/.m2/repository/org/slf4j/slf4j-api/1.7.32/slf4j-api-1.7.32.jar:/home/jcamacho/.m2/repository/com/google/code/gson/gson/2.9.1/gson-2.9.1.jar:"/>
    <property name="sun.cpu.endian" value="little"/>
    <property name="user.home" value="/home/jcamacho"/>
    <property name="user.language" value="en"/>
    <property name="java.specification.vendor" value="Oracle Corporation"/>
    <property name="java.version.date" value="2024-04-16"/>
    <property name="java.home" value="/usr/lib/jvm/java-11-amazon-corretto"/>
    <property name="file.separator" value="/"/>
    <property name="basedir" value="/home/jcamacho/Desktop/Kuwaiba-Github/vaadin-flow-x6/x6-flow-root/x6-flow"/>
    <property name="java.vm.compressedOopsMode" value="Zero based"/>
    <property name="line.separator" value="&#10;"/>
    <property name="java.specification.name" value="Java Platform API Specification"/>
    <property name="java.vm.specification.vendor" value="Oracle Corporation"/>
    <property name="java.awt.graphicsenv" value="sun.awt.X11GraphicsEnvironment"/>
    <property name="surefire.real.class.path" value="/home/jcamacho/Desktop/Kuwaiba-Github/vaadin-flow-x6/x6-flow-root/x6-flow/target/surefire/surefirebooter-20250113115140180_3.jar"/>
    <property name="sun.management.compiler" value="HotSpot 64-Bit Tiered Compilers"/>
    <property name="java.runtime.version" value="11.0.23+9-LTS"/>
    <property name="user.name" value="jcamacho"/>
    <property name="path.separator" value=":"/>
    <property name="os.version" value="6.1.0-12-amd64"/>
    <property name="java.runtime.name" value="OpenJDK Runtime Environment"/>
    <property name="file.encoding" value="UTF-8"/>
    <property name="java.vm.name" value="OpenJDK 64-Bit Server VM"/>
    <property name="java.vendor.version" value="Corretto-11.0.23.9.1"/>
    <property name="maven.ext.class.path" value="/usr/lib/apache-netbeans/java/maven-nblib/netbeans-eventspy.jar"/>
    <property name="localRepository" value="/home/jcamacho/.m2/repository"/>
    <property name="java.vendor.url.bug" value="https://github.com/corretto/corretto-11/issues/"/>
    <property name="java.io.tmpdir" value="/tmp"/>
    <property name="java.version" value="11.0.23"/>
    <property name="user.dir" value="/home/jcamacho/Desktop/Kuwaiba-Github/vaadin-flow-x6/x6-flow-root/x6-flow"/>
    <property name="os.arch" value="amd64"/>
    <property name="java.vm.specification.name" value="Java Virtual Machine Specification"/>
    <property name="java.awt.printerjob" value="sun.print.PSPrinterJob"/>
    <property name="sun.os.patch.level" value="unknown"/>
    <property name="java.library.path" value="/usr/java/packages/lib:/usr/lib64:/lib64:/lib:/usr/lib"/>
    <property name="java.vm.info" value="mixed mode"/>
    <property name="java.vendor" value="Amazon.com Inc."/>
    <property name="java.vm.version" value="11.0.23+9-LTS"/>
    <property name="java.specification.maintenance.version" value="2"/>
    <property name="sun.io.unicode.encoding" value="UnicodeLittle"/>
    <property name="java.class.version" value="55.0"/>
  </properties>
</testsuite>